<?xml version="1.0" encoding="utf-8"?><testsuites name="pytest tests"><testsuite name="pytest" errors="0" failures="0" skipped="0" tests="102" time="43.349" timestamp="2026-06-03T03:04:35.201169+05:30" hostname="Pavithras-MacBook-Pro.local"><testcase classname="tests.integration.test_integration 2" name="test_full_booking_saga_happy_path" time="0.782" /><testcase classname="tests.integration.test_integration 2" name="test_booking_saga_events_reach_notification" time="0.296" /><testcase classname="tests.integration.test_integration 2" name="test_cancel_booking_releases_seats" time="0.569" /><testcase classname="tests.integration.test_integration 2" name="test_cancel_already_cancelled_booking_fails" time="0.369" /><testcase classname="tests.integration.test_integration 2" name="test_payment_failure_publishes_failed_event" time="0.261" /><testcase classname="tests.integration.test_integration 2" name="test_payment_failure_booking_stays_pending" time="0.353" /><testcase classname="tests.integration.test_integration 2" name="test_payment_idempotency_returns_existing" time="0.291" /><testcase classname="tests.integration.test_integration 2" name="test_double_checkin_returns_409" time="0.268" /><testcase classname="tests.integration.test_integration 2" name="test_booking_event_reaches_notification" time="0.337" /><testcase classname="tests.integration.test_integration 2" name="test_payment_event_reaches_notification" time="0.255" /><testcase classname="tests.integration.test_integration 2" name="test_checkin_event_reaches_notification" time="0.309" /><testcase classname="tests.integration.test_integration 2" name="test_cancellation_event_reaches_notification" time="0.253" /><testcase classname="tests.integration.test_integration 2" name="test_gdpr_erasure_cascades_to_services" time="0.503" /><testcase classname="tests.integration.test_integration 2" name="test_gdpr_erasure_audit_logged" time="0.339" /><testcase classname="tests.integration.test_integration 2" name="test_gateway_health_endpoint" time="0.427" /><testcase classname="tests.integration.test_integration 2" name="test_gateway_routes_public_path_no_auth" time="0.312" /><testcase classname="tests.integration.test_integration 2" name="test_gateway_blocks_protected_path_without_token" time="0.359" /><testcase classname="tests.integration.test_integration 2" name="test_gateway_forwards_protected_path_with_token" time="0.361" /><testcase classname="tests.integration.test_integration 2" name="test_gateway_unknown_route_returns_404" time="0.400" /><testcase classname="tests.integration.test_integration 2" name="test_gateway_service_down_returns_503" time="0.377" /><testcase classname="tests.integration.test_integration 2" name="test_gateway_proxies_auth_register" time="0.572" /><testcase classname="tests.integration.test_integration 2" name="test_gateway_proxies_payments" time="0.448" /><testcase classname="tests.integration.test_integration 2" name="test_gateway_proxies_baggage" time="0.326" /><testcase classname="tests.integration.test_integration 2" name="test_gateway_proxies_checkin" time="0.396" /><testcase classname="tests.integration.test_integration 2" name="test_gateway_proxies_passengers" time="0.386" /><testcase classname="tests.integration.test_integration 2" name="test_gateway_proxies_notifications" time="0.427" /><testcase classname="tests.integration.test_integration 2" name="test_refund_updates_booking_status_and_publishes_event" time="0.296" /><testcase classname="tests.integration.test_integration 2" name="test_baggage_status_change_publishes_event" time="0.364" /><testcase classname="tests.integration.test_integration 2" name="test_baggage_event_reaches_notification" time="0.260" /><testcase classname="tests.integration.test_integration" name="test_full_booking_saga_happy_path" time="0.515" /><testcase classname="tests.integration.test_integration" name="test_booking_saga_events_reach_notification" time="0.366" /><testcase classname="tests.integration.test_integration" name="test_cancel_booking_releases_seats" time="0.423" /><testcase classname="tests.integration.test_integration" name="test_cancel_already_cancelled_booking_fails" time="0.278" /><testcase classname="tests.integration.test_integration" name="test_payment_failure_publishes_failed_event" time="0.375" /><testcase classname="tests.integration.test_integration" name="test_payment_failure_booking_stays_pending" time="0.277" /><testcase classname="tests.integration.test_integration" name="test_payment_idempotency_returns_existing" time="0.344" /><testcase classname="tests.integration.test_integration" name="test_double_checkin_returns_409" time="0.281" /><testcase classname="tests.integration.test_integration" name="test_booking_event_reaches_notification" time="0.330" /><testcase classname="tests.integration.test_integration" name="test_payment_event_reaches_notification" time="0.260" /><testcase classname="tests.integration.test_integration" name="test_checkin_event_reaches_notification" time="0.341" /><testcase classname="tests.integration.test_integration" name="test_cancellation_event_reaches_notification" time="0.366" /><testcase classname="tests.integration.test_integration" name="test_gdpr_erasure_cascades_to_services" time="0.367" /><testcase classname="tests.integration.test_integration" name="test_gdpr_erasure_audit_logged" time="0.304" /><testcase classname="tests.integration.test_integration" name="test_gateway_health_endpoint" time="0.386" /><testcase classname="tests.integration.test_integration" name="test_gateway_routes_public_path_no_auth" time="0.326" /><testcase classname="tests.integration.test_integration" name="test_gateway_blocks_protected_path_without_token" time="0.405" /><testcase classname="tests.integration.test_integration" name="test_gateway_forwards_protected_path_with_token" time="0.432" /><testcase classname="tests.integration.test_integration" name="test_gateway_unknown_route_returns_404" time="0.397" /><testcase classname="tests.integration.test_integration" name="test_gateway_service_down_returns_503" time="0.312" /><testcase classname="tests.integration.test_integration" name="test_gateway_proxies_auth_register" time="0.524" /><testcase classname="tests.integration.test_integration" name="test_gateway_proxies_payments" time="0.339" /><testcase classname="tests.integration.test_integration" name="test_gateway_proxies_baggage" time="0.414" /><testcase classname="tests.integration.test_integration" name="test_gateway_proxies_checkin" time="0.481" /><testcase classname="tests.integration.test_integration" name="test_gateway_proxies_passengers" time="0.334" /><testcase classname="tests.integration.test_integration" name="test_gateway_proxies_notifications" time="0.418" /><testcase classname="tests.integration.test_integration" name="test_refund_updates_booking_status_and_publishes_event" time="0.313" /><testcase classname="tests.integration.test_integration" name="test_baggage_status_change_publishes_event" time="0.360" /><testcase classname="tests.integration.test_integration" name="test_baggage_event_reaches_notification" time="0.274" /><testcase classname="tests.integration.test_integration_extended" name="test_auth_register_success" time="0.590" /><testcase classname="tests.integration.test_integration_extended" name="test_auth_duplicate_registration" time="0.504" /><testcase classname="tests.integration.test_integration_extended" name="test_auth_login_success" time="0.623" /><testcase classname="tests.integration.test_integration_extended" name="test_auth_invalid_credentials" time="0.538" /><testcase classname="tests.integration.test_integration_extended" name="test_auth_token_refresh" time="0.414" /><testcase classname="tests.integration.test_integration_extended" name="test_auth_get_me" time="0.437" /><testcase classname="tests.integration.test_integration_extended" name="test_flight_search_returns_flights" time="0.383" /><testcase classname="tests.integration.test_integration_extended" name="test_flight_search_no_results" time="0.456" /><testcase classname="tests.integration.test_integration_extended" name="test_flight_get_by_id" time="0.382" /><testcase classname="tests.integration.test_integration_extended" name="test_flight_not_found" time="0.293" /><testcase classname="tests.integration.test_integration_extended" name="test_admin_creates_flight" time="0.392" /><testcase classname="tests.integration.test_integration_extended" name="test_passenger_role_cannot_create_flight" time="0.292" /><testcase classname="tests.integration.test_integration_extended" name="test_list_bookings_for_user" time="0.462" /><testcase classname="tests.integration.test_integration_extended" name="test_get_booking_by_id" time="0.323" /><testcase classname="tests.integration.test_integration_extended" name="test_booking_not_found" time="0.412" /><testcase classname="tests.integration.test_integration_extended" name="test_seat_availability_endpoint" time="0.311" /><testcase classname="tests.integration.test_integration_extended" name="test_register_baggage_publishes_event" time="0.401" /><testcase classname="tests.integration.test_integration_extended" name="test_baggage_by_booking_id" time="0.296" /><testcase classname="tests.integration.test_integration_extended" name="test_baggage_tag_not_found" time="0.419" /><testcase classname="tests.integration.test_integration_extended" name="test_admin_updates_baggage_status" time="0.308" /><testcase classname="tests.integration.test_integration_extended" name="test_non_admin_cannot_update_baggage_status" time="0.374" /><testcase classname="tests.integration.test_integration_extended" name="test_passenger_create_profile" time="0.319" /><testcase classname="tests.integration.test_integration_extended" name="test_passenger_duplicate_profile_returns_409" time="0.484" /><testcase classname="tests.integration.test_integration_extended" name="test_passenger_get_profile_success" time="0.306" /><testcase classname="tests.integration.test_integration_extended" name="test_passenger_get_profile_not_found" time="0.380" /><testcase classname="tests.integration.test_integration_extended" name="test_passenger_update_profile" time="0.304" /><testcase classname="tests.integration.test_integration_extended" name="test_checkin_not_found_by_booking" time="0.466" /><testcase classname="tests.integration.test_integration_extended" name="test_get_boarding_pass_html" time="0.355" /><testcase classname="tests.integration.test_integration_extended" name="test_get_boarding_pass_pdf_integration" time="1.031" /><testcase classname="tests.integration.test_integration_extended" name="test_boarding_pass_not_found" time="0.377" /><testcase classname="tests.integration.test_integration_extended" name="test_payment_webhook_invalid_payload" time="0.304" /><testcase classname="tests.integration.test_integration_extended" name="test_get_payment_by_id" time="0.393" /><testcase classname="tests.integration.test_integration_extended" name="test_payment_not_found" time="0.296" /><testcase classname="tests.integration.test_integration_extended" name="test_payments_by_booking_id" time="0.514" /><testcase classname="tests.integration.test_integration_extended" name="test_payment_config_endpoint" time="0.290" /><testcase classname="tests.integration.test_integration_extended" name="test_list_notifications" time="0.389" /><testcase classname="tests.integration.test_integration_extended" name="test_mark_notification_read_success" time="0.304" /><testcase classname="tests.integration.test_integration_extended" name="test_mark_notification_read_not_found" time="0.383" /><testcase classname="tests.integration.test_integration_extended" name="test_notification_service_health" time="0.402" /><testcase classname="tests.integration.test_integration_extended" name="test_gateway_expired_token_returns_401" time="0.606" /><testcase classname="tests.integration.test_integration_extended" name="test_gateway_no_auth_header_on_protected_route" time="0.414" /><testcase classname="tests.integration.test_integration_extended" name="test_gateway_malformed_token_returns_401" time="0.462" /><testcase classname="tests.integration.test_integration_extended" name="test_gateway_routes_flight_search_with_valid_token" time="0.379" /><testcase classname="tests.integration.test_integration_extended" name="test_gateway_routes_to_auth_register" time="0.624" /></testsuite></testsuites>