<?xml version="1.0" encoding="utf-8"?><testsuites name="pytest tests"><testsuite name="pytest" errors="0" failures="3" skipped="0" tests="261" time="27.814" timestamp="2026-06-03T03:02:51.494690+05:30" hostname="Pavithras-MacBook-Pro.local"><testcase classname="tests.unit.test_api_gateway" name="test_is_public_path_auth_endpoints" time="0.292" /><testcase classname="tests.unit.test_api_gateway" name="test_is_public_path_flights_search" time="0.022" /><testcase classname="tests.unit.test_api_gateway" name="test_is_public_path_health" time="0.022" /><testcase classname="tests.unit.test_api_gateway" name="test_is_private_path_bookings" time="0.024" /><testcase classname="tests.unit.test_api_gateway" name="test_resolve_service_booking" time="0.024" /><testcase classname="tests.unit.test_api_gateway" name="test_resolve_service_unknown_returns_none" time="0.033" /><testcase classname="tests.unit.test_api_gateway" name="test_proxy_public_path_no_auth_needed" time="0.072" /><testcase classname="tests.unit.test_api_gateway" name="test_proxy_protected_path_requires_auth" time="0.032" /><testcase classname="tests.unit.test_api_gateway" name="test_proxy_service_unavailable_503" time="0.069" /><testcase classname="tests.unit.test_auth_service" name="test_register_success" time="0.636" /><testcase classname="tests.unit.test_auth_service" name="test_register_duplicate_email" time="0.085" /><testcase classname="tests.unit.test_auth_service" name="test_register_duplicate_username" time="0.078" /><testcase classname="tests.unit.test_auth_service" name="test_register_default_role_passenger" time="0.420" /><testcase classname="tests.unit.test_auth_service" name="test_login_success_returns_tokens" time="0.376" /><testcase classname="tests.unit.test_auth_service" name="test_login_wrong_password" time="0.642" /><testcase classname="tests.unit.test_auth_service" name="test_login_nonexistent_user" time="0.169" /><testcase classname="tests.unit.test_auth_service" name="test_login_inactive_user" time="0.380" /><testcase classname="tests.unit.test_auth_service" name="test_refresh_valid_token" time="0.054" /><testcase classname="tests.unit.test_auth_service" name="test_refresh_access_token_rejected" time="0.053" /><testcase classname="tests.unit.test_auth_service" name="test_health_endpoint" time="0.051" /><testcase classname="tests.unit.test_auth_service" name="test_get_me_success" time="0.060" /><testcase classname="tests.unit.test_auth_service" name="test_get_me_user_not_found" time="0.068" /><testcase classname="tests.unit.test_auth_service" name="test_get_me_unauthenticated" time="0.057" /><testcase classname="tests.unit.test_auth_service" name="test_validate_token_returns_claims" time="0.064" /><testcase classname="tests.unit.test_auth_service" name="test_validate_token_unauthenticated" time="0.079" /><testcase classname="tests.unit.test_auth_service" name="test_register_missing_email_returns_422" time="0.062" /><testcase classname="tests.unit.test_auth_service" name="test_login_missing_password_returns_422" time="0.057" /><testcase classname="tests.unit.test_baggage_service" name="test_generate_tag_format" time="0.156" /><testcase classname="tests.unit.test_baggage_service" name="test_register_baggage_success" time="0.068" /><testcase classname="tests.unit.test_baggage_service" name="test_track_baggage_found" time="0.065" /><testcase classname="tests.unit.test_baggage_service" name="test_track_baggage_not_found" time="0.075" /><testcase classname="tests.unit.test_baggage_service" name="test_get_baggage_by_booking" time="0.085" /><testcase classname="tests.unit.test_baggage_service" name="test_update_baggage_status_success" time="0.069" /><testcase classname="tests.unit.test_baggage_service" name="test_update_baggage_status_publishes_event" time="0.077" /><testcase classname="tests.unit.test_baggage_service" name="test_health_endpoint" time="0.073" /><testcase classname="tests.unit.test_baggage_service" name="test_update_baggage_status_not_found" time="0.073" /><testcase classname="tests.unit.test_baggage_service" name="test_update_baggage_publisher_exception_silenced" time="0.156" /><testcase classname="tests.unit.test_baggage_service" name="test_register_baggage_missing_required_field_422" time="0.082" /><testcase classname="tests.unit.test_baggage_service" name="test_update_baggage_status_missing_status_422" time="0.155" /><testcase classname="tests.unit.test_booking_service" name="test_generate_booking_ref_format" time="0.108" /><testcase classname="tests.unit.test_booking_service" name="test_generate_booking_ref_uniqueness" time="0.066" /><testcase classname="tests.unit.test_booking_service" name="test_create_booking_success" time="0.103" /><testcase classname="tests.unit.test_booking_service" name="test_create_booking_insufficient_seats" time="0.077" /><testcase classname="tests.unit.test_booking_service" name="test_create_booking_flight_not_found" time="0.082" /><testcase classname="tests.unit.test_booking_service" name="test_create_booking_publishes_event" time="0.112" /><testcase classname="tests.unit.test_booking_service" name="test_create_booking_conflict_retry" time="0.098" /><testcase classname="tests.unit.test_booking_service" name="test_list_bookings_returns_user_bookings" time="0.184" /><testcase classname="tests.unit.test_booking_service" name="test_get_booking_success" time="0.069" /><testcase classname="tests.unit.test_booking_service" name="test_get_booking_not_found" time="0.072" /><testcase classname="tests.unit.test_booking_service" name="test_cancel_booking_success_releases_seats" time="0.094" /><testcase classname="tests.unit.test_booking_service" name="test_cancel_booking_already_cancelled" time="0.076" /><testcase classname="tests.unit.test_booking_service" name="test_health_endpoint" time="0.078" /><testcase classname="tests.unit.test_booking_service" name="test_update_booking_status_not_found" time="0.076" /><testcase classname="tests.unit.test_booking_service" name="test_cancel_booking_not_found" time="0.083" /><testcase classname="tests.unit.test_booking_service" name="test_create_booking_publisher_exception_silenced" time="0.190" /><testcase classname="tests.unit.test_booking_service" name="test_cancel_booking_httpx_error_silenced" time="0.085" /><testcase classname="tests.unit.test_booking_service" name="test_cancel_booking_publisher_exception_silenced" time="0.082" /><testcase classname="tests.unit.test_checkin_service" name="test_assign_seat_format" time="0.098" /><testcase classname="tests.unit.test_checkin_service" name="test_assign_seat_group_a_rows_1_10" time="0.067" /><testcase classname="tests.unit.test_checkin_service" name="test_assign_seat_group_b_rows_11_20" time="0.069" /><testcase classname="tests.unit.test_checkin_service" name="test_assign_seat_group_c_rows_21_35" time="0.057" /><testcase classname="tests.unit.test_checkin_service" name="test_checkin_success" time="0.175" /><testcase classname="tests.unit.test_checkin_service" name="test_checkin_duplicate_409" time="0.098" /><testcase classname="tests.unit.test_checkin_service" name="test_checkin_publishes_event_with_boarding_group_gate" time="0.085" /><testcase classname="tests.unit.test_checkin_service" name="test_get_checkin_success" time="0.188" /><testcase classname="tests.unit.test_checkin_service" name="test_get_boarding_pass" time="0.080" /><testcase classname="tests.unit.test_checkin_service" name="test_health_endpoint" time="0.060" /><testcase classname="tests.unit.test_checkin_service" name="test_get_checkin_not_found" time="0.060" /><testcase classname="tests.unit.test_checkin_service" name="test_get_checkin_from_cache" time="0.058" /><testcase classname="tests.unit.test_checkin_service" name="test_checkin_flush_integrity_error_returns_409" time="0.069" /><testcase classname="tests.unit.test_checkin_service" name="test_checkin_circuit_breaker_open_silenced" time="0.064" /><testcase classname="tests.unit.test_checkin_service" name="test_get_boarding_pass_pdf" time="0.500" /><testcase classname="tests.unit.test_checkin_service" name="test_get_boarding_pass_pdf_not_found" time="0.071" /><testcase classname="tests.unit.test_checkin_service" name="test_get_boarding_pass_not_found" time="0.056" /><testcase classname="tests.unit.test_checkin_service" name="test_checkin_httpx_error_silenced" time="0.070" /><testcase classname="tests.unit.test_checkin_service" name="test_checkin_publisher_exception_silenced" time="0.068" /><testcase classname="tests.unit.test_flight_service" name="test_create_flight_success" time="0.099" /><testcase classname="tests.unit.test_flight_service" name="test_create_flight_sets_available_from_total" time="0.064" /><testcase classname="tests.unit.test_flight_service" name="test_create_flight_uppercases_origin_destination" time="0.069" /><testcase classname="tests.unit.test_flight_service" name="test_get_flight_cache_hit" time="0.130" /><testcase classname="tests.unit.test_flight_service" name="test_get_flight_cache_miss_fetches_db" time="0.059" /><testcase classname="tests.unit.test_flight_service" name="test_get_flight_not_found" time="0.063" /><testcase classname="tests.unit.test_flight_service" name="test_search_flights_no_filters" time="0.070" /><testcase classname="tests.unit.test_flight_service" name="test_search_flights_with_origin_destination" time="0.071" /><testcase classname="tests.unit.test_flight_service" name="test_search_flights_price_range_filter" time="0.069" /><testcase classname="tests.unit.test_flight_service" name="test_search_flights_pagination_cursor" time="0.072" /><testcase classname="tests.unit.test_flight_service" name="test_search_flights_cache_hit" time="0.068" /><testcase classname="tests.unit.test_flight_service" name="test_update_flight_partial_fields" time="0.326" /><testcase classname="tests.unit.test_flight_service" name="test_update_flight_invalidates_cache" time="0.136" /><testcase classname="tests.unit.test_flight_service" name="test_update_seats_success_increments_version" time="0.215" /><testcase classname="tests.unit.test_flight_service" name="test_update_seats_prevents_negative" time="0.141" /><testcase classname="tests.unit.test_flight_service" name="test_update_seats_optimistic_lock_conflict" time="0.105" /><testcase classname="tests.unit.test_flight_service" name="test_health_endpoint_with_redis" time="0.077" /><testcase classname="tests.unit.test_flight_service" name="test_search_flights_with_departure_date" time="0.078" /><testcase classname="tests.unit.test_flight_service" name="test_search_flights_cache_populate_after_db" time="0.065" /><testcase classname="tests.unit.test_flight_service" name="test_search_flights_redis_exception_falls_back" time="0.067" /><testcase classname="tests.unit.test_flight_service" name="test_get_flight_redis_exception_falls_back" time="0.178" /><testcase classname="tests.unit.test_flight_service" name="test_get_flight_cache_set_exception_silenced" time="0.060" /><testcase classname="tests.unit.test_flight_service" name="test_update_flight_not_found" time="0.110" /><testcase classname="tests.unit.test_flight_service" name="test_update_flight_with_status_field" time="0.117" /><testcase classname="tests.unit.test_flight_service" name="test_create_flight_with_event_publisher" time="0.122" /><testcase classname="tests.unit.test_flight_service" name="test_update_flight_with_event_publisher" time="0.100" /><testcase classname="tests.unit.test_flight_service" name="test_update_seats_not_found" time="0.074" /><testcase classname="tests.unit.test_flight_service" name="test_update_seats_with_event_publisher" time="0.071" /><testcase classname="tests.unit.test_flight_service" name="test_invalidate_cache_deletes_matching_keys" time="0.058" /><testcase classname="tests.unit.test_flight_service" name="test_invalidate_cache_exception_silenced" time="0.140" /><testcase classname="tests.unit.test_lambda_boarding_pass" name="test_build_pdf_returns_bytes" time="0.005" /><testcase classname="tests.unit.test_lambda_boarding_pass" name="test_build_pdf_contains_passenger_name" time="0.003" /><testcase classname="tests.unit.test_lambda_boarding_pass" name="test_handler_success_uploads_to_s3" time="0.005" /><testcase classname="tests.unit.test_lambda_boarding_pass" name="test_handler_correct_s3_key" time="0.005" /><testcase classname="tests.unit.test_lambda_boarding_pass" name="test_handler_missing_fields_uses_defaults" time="0.004" /><testcase classname="tests.unit.test_lambda_boarding_pass" name="test_handler_detail_as_string_parsed" time="0.004" /><testcase classname="tests.unit.test_lambda_notification_dispatch" name="test_render_template_all_fields" time="0.001" /><testcase classname="tests.unit.test_lambda_notification_dispatch" name="test_render_template_missing_fields_na" time="0.000" /><testcase classname="tests.unit.test_lambda_notification_dispatch" name="test_handler_single_record" time="0.001" /><testcase classname="tests.unit.test_lambda_notification_dispatch" name="test_handler_multiple_records" time="0.001" /><testcase classname="tests.unit.test_lambda_notification_dispatch" name="test_handler_unknown_event_type" time="0.001" /><testcase classname="tests.unit.test_lambda_notification_dispatch" name="test_handler_malformed_record" time="0.001" /><testcase classname="tests.unit.test_lambda_notification_dispatch" name="test_handler_empty_records" time="0.001" /><testcase classname="tests.unit.test_lambda_pricing" name="test_clamp_within_range" time="0.000" /><testcase classname="tests.unit.test_lambda_pricing" name="test_clamp_below_min" time="0.000" /><testcase classname="tests.unit.test_lambda_pricing" name="test_clamp_above_max" time="0.000" /><testcase classname="tests.unit.test_lambda_pricing" name="test_adjust_price_high_demand_increase" time="0.000" /><testcase classname="tests.unit.test_lambda_pricing" name="test_adjust_price_low_demand_decrease" time="0.000" /><testcase classname="tests.unit.test_lambda_pricing" name="test_adjust_price_mid_range_no_change" time="0.000" /><testcase classname="tests.unit.test_lambda_pricing" name="test_adjust_price_clamped_to_max" time="0.000" /><testcase classname="tests.unit.test_lambda_pricing" name="test_adjust_price_clamped_to_min" time="0.000" /><testcase classname="tests.unit.test_lambda_pricing" name="test_adjust_price_zero_total_seats" time="0.000" /><testcase classname="tests.unit.test_lambda_pricing" name="test_handler_updates_flight_prices" time="0.002"><failure message="AttributeError: &lt;module 'pricing_handler' from '/Users/guy/Documents/cloud_2/tests/unit/../../lambdas/pricing_recalculation/handler.py'&gt; does not have the attribute 'pg8000'">tests/unit/test_lambda_pricing.py:92: in test_handler_updates_flight_prices
    with patch.object(pricing_mod, "pg8000") as mock_pg8000:
/opt/homebrew/Cellar/python@3.10/3.10.18_1/Frameworks/Python.framework/Versions/3.10/lib/python3.10/unittest/mock.py:1447: in __enter__
    original, local = self.get_original()
/opt/homebrew/Cellar/python@3.10/3.10.18_1/Frameworks/Python.framework/Versions/3.10/lib/python3.10/unittest/mock.py:1420: in get_original
    raise AttributeError(
E   AttributeError: &lt;module 'pricing_handler' from '/Users/guy/Documents/cloud_2/tests/unit/../../lambdas/pricing_recalculation/handler.py'&gt; does not have the attribute 'pg8000'</failure></testcase><testcase classname="tests.unit.test_lambda_pricing" name="test_handler_no_scheduled_flights" time="0.002"><failure message="AttributeError: &lt;module 'pricing_handler' from '/Users/guy/Documents/cloud_2/tests/unit/../../lambdas/pricing_recalculation/handler.py'&gt; does not have the attribute 'pg8000'">tests/unit/test_lambda_pricing.py:106: in test_handler_no_scheduled_flights
    with patch.object(pricing_mod, "pg8000") as mock_pg8000:
/opt/homebrew/Cellar/python@3.10/3.10.18_1/Frameworks/Python.framework/Versions/3.10/lib/python3.10/unittest/mock.py:1447: in __enter__
    original, local = self.get_original()
/opt/homebrew/Cellar/python@3.10/3.10.18_1/Frameworks/Python.framework/Versions/3.10/lib/python3.10/unittest/mock.py:1420: in get_original
    raise AttributeError(
E   AttributeError: &lt;module 'pricing_handler' from '/Users/guy/Documents/cloud_2/tests/unit/../../lambdas/pricing_recalculation/handler.py'&gt; does not have the attribute 'pg8000'</failure></testcase><testcase classname="tests.unit.test_lambda_pricing" name="test_handler_rolls_back_on_error" time="0.004"><failure message="AttributeError: &lt;module 'pricing_handler' from '/Users/guy/Documents/cloud_2/tests/unit/../../lambdas/pricing_recalculation/handler.py'&gt; does not have the attribute 'pg8000'">tests/unit/test_lambda_pricing.py:119: in test_handler_rolls_back_on_error
    with patch.object(pricing_mod, "pg8000") as mock_pg8000:
/opt/homebrew/Cellar/python@3.10/3.10.18_1/Frameworks/Python.framework/Versions/3.10/lib/python3.10/unittest/mock.py:1447: in __enter__
    original, local = self.get_original()
/opt/homebrew/Cellar/python@3.10/3.10.18_1/Frameworks/Python.framework/Versions/3.10/lib/python3.10/unittest/mock.py:1420: in get_original
    raise AttributeError(
E   AttributeError: &lt;module 'pricing_handler' from '/Users/guy/Documents/cloud_2/tests/unit/../../lambdas/pricing_recalculation/handler.py'&gt; does not have the attribute 'pg8000'</failure></testcase><testcase classname="tests.unit.test_notification_service" name="test_process_event_booking_created" time="0.321" /><testcase classname="tests.unit.test_notification_service" name="test_process_event_payment_completed" time="0.352" /><testcase classname="tests.unit.test_notification_service" name="test_process_event_checkin_completed" time="0.077" /><testcase classname="tests.unit.test_notification_service" name="test_process_event_unknown_type_skipped" time="0.102" /><testcase classname="tests.unit.test_notification_service" name="test_process_event_missing_fields_uses_na" time="0.143" /><testcase classname="tests.unit.test_notification_service" name="test_create_notification_endpoint" time="0.131" /><testcase classname="tests.unit.test_notification_service" name="test_list_notifications_endpoint" time="0.086" /><testcase classname="tests.unit.test_notification_service" name="test_sqs_polling_disabled_by_default" time="0.070" /><testcase classname="tests.unit.test_notification_service" name="test_health_endpoint" time="0.067" /><testcase classname="tests.unit.test_notification_service" name="test_process_event_detail_as_json_string" time="0.052" /><testcase classname="tests.unit.test_notification_service" name="test_process_event_baggage_status_changed" time="0.047" /><testcase classname="tests.unit.test_notification_service" name="test_process_event_booking_cancelled" time="0.054" /><testcase classname="tests.unit.test_notification_service" name="test_sqs_polling_enabled_starts_thread" time="0.046" /><testcase classname="tests.unit.test_notification_service" name="test_ses_send_exception_silenced" time="0.057" /><testcase classname="tests.unit.test_notification_service" name="test_ses_verify_sender_exception_silenced" time="0.127" /><testcase classname="tests.unit.test_notification_service" name="test_process_event_deduplication_skips_duplicate" time="0.045" /><testcase classname="tests.unit.test_notification_service" name="test_process_event_creates_notification_in_db" time="0.053" /><testcase classname="tests.unit.test_notification_service" name="test_list_notifications_with_email_filter" time="0.051" /><testcase classname="tests.unit.test_notification_service" name="test_mark_read_success" time="0.055" /><testcase classname="tests.unit.test_notification_service" name="test_mark_read_not_found" time="0.047" /><testcase classname="tests.unit.test_notification_service" name="test_get_dlq_stats" time="0.058" /><testcase classname="tests.unit.test_notification_service" name="test_reprocess_dlq" time="0.059" /><testcase classname="tests.unit.test_notification_service" name="test_poll_events_consumer_creation_fails" time="0.061" /><testcase classname="tests.unit.test_passenger_service" name="test_create_profile_encrypts_passport" time="0.193" /><testcase classname="tests.unit.test_passenger_service" name="test_create_profile_duplicate_rejected" time="0.107" /><testcase classname="tests.unit.test_passenger_service" name="test_get_profile_decrypts_passport" time="0.169" /><testcase classname="tests.unit.test_passenger_service" name="test_get_profile_decryption_error_masked" time="0.082" /><testcase classname="tests.unit.test_passenger_service" name="test_update_profile_partial_fields" time="0.074" /><testcase classname="tests.unit.test_passenger_service" name="test_update_profile_re_encrypts_passport" time="0.075" /><testcase classname="tests.unit.test_passenger_service" name="test_delete_profile_gdpr_erasure" time="0.087" /><testcase classname="tests.unit.test_passenger_service" name="test_delete_profile_audit_logged" time="0.088" /><testcase classname="tests.unit.test_passenger_service" name="test_delete_profile_cascades_to_services" time="0.078" /><testcase classname="tests.unit.test_passenger_service" name="test_grant_consent_new" time="0.085" /><testcase classname="tests.unit.test_passenger_service" name="test_grant_consent_revoke" time="0.078" /><testcase classname="tests.unit.test_passenger_service" name="test_list_consents" time="0.160" /><testcase classname="tests.unit.test_passenger_service" name="test_health_endpoint" time="0.062" /><testcase classname="tests.unit.test_passenger_service" name="test_get_profile_not_found" time="0.065" /><testcase classname="tests.unit.test_passenger_service" name="test_update_profile_not_found" time="0.066" /><testcase classname="tests.unit.test_passenger_service" name="test_delete_profile_not_found" time="0.070" /><testcase classname="tests.unit.test_passenger_service" name="test_get_profile_unauthenticated" time="0.061" /><testcase classname="tests.unit.test_passenger_service" name="test_create_profile_missing_required_fields_422" time="0.065" /><testcase classname="tests.unit.test_passenger_service" name="test_grant_consent_missing_required_field_422" time="0.067" /><testcase classname="tests.unit.test_payment_service" name="test_create_payment_intent_success" time="0.136" /><testcase classname="tests.unit.test_payment_service" name="test_create_payment_intent_completed_idempotency_returns_409" time="0.160" /><testcase classname="tests.unit.test_payment_service" name="test_create_payment_intent_processing_idempotency_retrieves_intent" time="0.060" /><testcase classname="tests.unit.test_payment_service" name="test_stripe_webhook_payment_succeeded_marks_completed" time="0.073" /><testcase classname="tests.unit.test_payment_service" name="test_stripe_webhook_payment_failed_marks_failed" time="0.052" /><testcase classname="tests.unit.test_payment_service" name="test_stripe_webhook_unknown_type_returns_received" time="0.047" /><testcase classname="tests.unit.test_payment_service" name="test_stripe_webhook_invalid_signature_returns_400" time="0.049" /><testcase classname="tests.unit.test_payment_service" name="test_stripe_webhook_publishes_payment_completed_event" time="0.063" /><testcase classname="tests.unit.test_payment_service" name="test_stripe_webhook_publishes_payment_failed_event" time="0.054" /><testcase classname="tests.unit.test_payment_service" name="test_get_payment_success" time="0.052" /><testcase classname="tests.unit.test_payment_service" name="test_get_payment_not_found" time="0.156" /><testcase classname="tests.unit.test_payment_service" name="test_get_payments_by_booking" time="0.051" /><testcase classname="tests.unit.test_payment_service" name="test_refund_payment_success" time="0.066" /><testcase classname="tests.unit.test_payment_service" name="test_refund_payment_not_completed_rejected" time="0.052" /><testcase classname="tests.unit.test_payment_service" name="test_refund_payment_missing_stripe_id_rejected" time="0.055" /><testcase classname="tests.unit.test_payment_service" name="test_refund_payment_not_found" time="0.060" /><testcase classname="tests.unit.test_payment_service" name="test_refund_updates_booking_status" time="0.070" /><testcase classname="tests.unit.test_payment_service" name="test_health_endpoint" time="0.060" /><testcase classname="tests.unit.test_payment_service" name="test_webhook_httpx_failure_silenced" time="0.215" /><testcase classname="tests.unit.test_payment_service" name="test_refund_httpx_exception_silenced" time="0.106" /><testcase classname="tests.unit.test_payment_service" name="test_refund_publisher_exception_silenced" time="0.156" /><testcase classname="tests.unit.test_payment_service" name="test_payment_intent_missing_required_fields_422" time="0.067" /><testcase classname="tests.unit.test_shared_auth" name="test_hash_password_returns_bcrypt_hash" time="0.129" /><testcase classname="tests.unit.test_shared_auth" name="test_verify_password_correct" time="0.226" /><testcase classname="tests.unit.test_shared_auth" name="test_verify_password_incorrect" time="0.200" /><testcase classname="tests.unit.test_shared_auth" name="test_create_access_token_contains_claims" time="0.001" /><testcase classname="tests.unit.test_shared_auth" name="test_create_access_token_expiry" time="0.001" /><testcase classname="tests.unit.test_shared_auth" name="test_create_refresh_token_type_claim" time="0.001" /><testcase classname="tests.unit.test_shared_auth" name="test_decode_token_valid" time="0.001" /><testcase classname="tests.unit.test_shared_auth" name="test_decode_token_expired_raises" time="0.023" /><testcase classname="tests.unit.test_shared_auth" name="test_decode_token_invalid_signature_raises" time="0.001" /><testcase classname="tests.unit.test_shared_auth" name="test_decode_token_malformed_raises" time="0.000" /><testcase classname="tests.unit.test_shared_auth" name="test_role_checker_allows_matching_role" time="0.001" /><testcase classname="tests.unit.test_shared_auth" name="test_role_checker_rejects_missing_role" time="0.001" /><testcase classname="tests.unit.test_shared_auth" name="test_role_checker_allows_admin_always" time="0.001" /><testcase classname="tests.unit.test_shared_auth" name="test_get_current_user_valid_token" time="0.001" /><testcase classname="tests.unit.test_shared_auth" name="test_get_current_user_missing_header" time="0.001" /><testcase classname="tests.unit.test_shared_auth" name="test_cognito_issuer_prod_format" time="0.000" /><testcase classname="tests.unit.test_shared_auth" name="test_jwks_base_url_with_endpoint_url" time="0.000" /><testcase classname="tests.unit.test_shared_auth" name="test_jwks_base_url_without_endpoint_url" time="0.000" /><testcase classname="tests.unit.test_shared_auth" name="test_fetch_jwks_returns_cached_when_fresh" time="0.000" /><testcase classname="tests.unit.test_shared_auth" name="test_fetch_jwks_refreshes_on_empty_cache" time="0.002" /><testcase classname="tests.unit.test_shared_auth" name="test_claims_to_user_with_groups_uses_first_group_as_role" time="0.000" /><testcase classname="tests.unit.test_shared_auth" name="test_claims_to_user_no_groups_defaults_to_passenger" time="0.000" /><testcase classname="tests.unit.test_shared_auth" name="test_claims_to_user_sub_used_as_username_fallback" time="0.000" /><testcase classname="tests.unit.test_shared_auth" name="test_verify_cognito_token_success" time="0.001" /><testcase classname="tests.unit.test_shared_auth" name="test_verify_cognito_token_unknown_kid_raises_401" time="0.002" /><testcase classname="tests.unit.test_shared_auth" name="test_decode_token_routes_to_cognito_when_pool_id_set" time="0.002" /><testcase classname="tests.unit.test_shared_cache" name="test_create_redis_client_success" time="0.002" /><testcase classname="tests.unit.test_shared_cache" name="test_create_redis_client_connection_failure_returns_none" time="0.001" /><testcase classname="tests.unit.test_shared_cache" name="test_create_redis_client_ping_failure_returns_none" time="0.001" /><testcase classname="tests.unit.test_shared_cache" name="test_redis_get_json_returns_none_when_client_is_none" time="0.000" /><testcase classname="tests.unit.test_shared_cache" name="test_redis_get_json_returns_parsed_dict" time="0.001" /><testcase classname="tests.unit.test_shared_cache" name="test_redis_get_json_returns_none_for_missing_key" time="0.001" /><testcase classname="tests.unit.test_shared_cache" name="test_redis_get_json_returns_none_on_exception" time="0.001" /><testcase classname="tests.unit.test_shared_cache" name="test_redis_set_json_noop_when_client_is_none" time="0.000" /><testcase classname="tests.unit.test_shared_cache" name="test_redis_set_json_stores_with_ttl" time="0.001" /><testcase classname="tests.unit.test_shared_cache" name="test_redis_set_json_silences_exception" time="0.001" /><testcase classname="tests.unit.test_shared_cache" name="test_redis_delete_noop_when_client_is_none" time="0.000" /><testcase classname="tests.unit.test_shared_cache" name="test_redis_delete_noop_when_no_keys_given" time="0.001" /><testcase classname="tests.unit.test_shared_cache" name="test_redis_delete_calls_client_with_all_keys" time="0.001" /><testcase classname="tests.unit.test_shared_cache" name="test_redis_delete_silences_exception" time="0.001" /><testcase classname="tests.unit.test_shared_cache" name="test_redis_set_nx_returns_true_when_client_is_none" time="0.000" /><testcase classname="tests.unit.test_shared_cache" name="test_redis_set_nx_returns_true_when_key_is_new" time="0.001" /><testcase classname="tests.unit.test_shared_cache" name="test_redis_set_nx_returns_false_when_key_already_exists" time="0.001" /><testcase classname="tests.unit.test_shared_cache" name="test_redis_set_nx_returns_true_on_exception" time="0.002" /><testcase classname="tests.unit.test_shared_cache" name="test_redis_incr_with_ttl_returns_zero_when_client_is_none" time="0.000" /><testcase classname="tests.unit.test_shared_cache" name="test_redis_incr_with_ttl_sets_expire_on_first_increment" time="0.002" /><testcase classname="tests.unit.test_shared_cache" name="test_redis_incr_with_ttl_no_expire_on_subsequent_increments" time="0.001" /><testcase classname="tests.unit.test_shared_cache" name="test_redis_incr_with_ttl_returns_zero_on_exception" time="0.001" /><testcase classname="tests.unit.test_shared_encryption" name="test_encrypt_decrypt_roundtrip" time="0.001" /><testcase classname="tests.unit.test_shared_encryption" name="test_encrypt_returns_different_from_plaintext" time="0.000" /><testcase classname="tests.unit.test_shared_encryption" name="test_decrypt_invalid_token_returns_fallback" time="0.000" /><testcase classname="tests.unit.test_shared_encryption" name="test_encrypt_empty_string" time="0.000" /><testcase classname="tests.unit.test_shared_encryption" name="test_mask_card_number_standard" time="0.000" /><testcase classname="tests.unit.test_shared_encryption" name="test_mask_card_number_short" time="0.000" /><testcase classname="tests.unit.test_shared_encryption" name="test_mask_card_number_empty" time="0.000" /><testcase classname="tests.unit.test_shared_encryption" name="test_tokenize_card_deterministic" time="0.000" /><testcase classname="tests.unit.test_shared_encryption" name="test_tokenize_card_different_inputs" time="0.000" /><testcase classname="tests.unit.test_shared_encryption" name="test_derive_key_consistency" time="0.000" /><testcase classname="tests.unit.test_shared_events" name="test_publish_event_success" time="0.002" /><testcase classname="tests.unit.test_shared_events" name="test_publish_event_adds_timestamp" time="0.001" /><testcase classname="tests.unit.test_shared_events" name="test_publish_event_failure_raises" time="0.002" /><testcase classname="tests.unit.test_shared_events" name="test_poll_returns_parsed_messages" time="0.001" /><testcase classname="tests.unit.test_shared_events" name="test_poll_empty_queue" time="0.002" /><testcase classname="tests.unit.test_shared_events" name="test_poll_handles_json_body" time="0.001" /><testcase classname="tests.unit.test_shared_events" name="test_ack_deletes_message" time="0.002" /><testcase classname="tests.unit.test_shared_events" name="test_ack_failure_raises" time="0.003" /></testsuite></testsuites>